<testsuites id="" name="" tests="16" failures="16" skipped="0" errors="0" time="170.847277">
<testsuite name="ui/comprehensive-ui.spec.ts" timestamp="2026-02-10T18:16:10.853Z" hostname="chromium" tests="16" failures="16" skipped="0" time="0.098" errors="0">
<testcase name="ðŸ§ª Test Exhaustivo de Interfaz UI - COMPLETO Y CORREGIDO â€º âœ… Header: Verificar logo y tÃ­tulo" classname="ui/comprehensive-ui.spec.ts" time="0.004">
<failure message="comprehensive-ui.spec.ts:16:3 âœ… Header: Verificar logo y tÃ­tulo" type="FAILURE">
<![CDATA[  [chromium] â€º ui/comprehensive-ui.spec.ts:16:3 â€º ðŸ§ª Test Exhaustivo de Interfaz UI - COMPLETO Y CORREGIDO â€º âœ… Header: Verificar logo y tÃ­tulo 

    Error: browserType.launch: Chromium distribution 'chrome' is not found at /opt/google/chrome/chrome
    Run "npx playwright install chrome"
]]>
</failure>
</testcase>
<testcase name="ðŸ§ª Test Exhaustivo de Interfaz UI - COMPLETO Y CORREGIDO â€º âœ… Header: Verificar barra de bÃºsqueda" classname="ui/comprehensive-ui.spec.ts" time="0.006">
<failure message="comprehensive-ui.spec.ts:45:3 âœ… Header: Verificar barra de bÃºsqueda" type="FAILURE">
<![CDATA[  [chromium] â€º ui/comprehensive-ui.spec.ts:45:3 â€º ðŸ§ª Test Exhaustivo de Interfaz UI - COMPLETO Y CORREGIDO â€º âœ… Header: Verificar barra de bÃºsqueda 

    Error: browserType.launch: Chromium distribution 'chrome' is not found at /opt/google/chrome/chrome
    Run "npx playwright install chrome"
]]>
</failure>
</testcase>
<testcase name="ðŸ§ª Test Exhaustivo de Interfaz UI - COMPLETO Y CORREGIDO â€º âœ… Header: Verificar botÃ³n &quot;Nuevo Bookmark&quot;" classname="ui/comprehensive-ui.spec.ts" time="0.006">
<failure message="comprehensive-ui.spec.ts:101:3 âœ… Header: Verificar botÃ³n &quot;Nuevo Bookmark&quot;" type="FAILURE">
<![CDATA[  [chromium] â€º ui/comprehensive-ui.spec.ts:101:3 â€º ðŸ§ª Test Exhaustivo de Interfaz UI - COMPLETO Y CORREGIDO â€º âœ… Header: Verificar botÃ³n "Nuevo Bookmark" 

    Error: browserType.launch: Chromium distribution 'chrome' is not found at /opt/google/chrome/chrome
    Run "npx playwright install chrome"
]]>
</failure>
</testcase>
<testcase name="ðŸ§ª Test Exhaustivo de Interfaz UI - COMPLETO Y CORREGIDO â€º âœ… Sidebar: Verificar todos los enlaces de navegaciÃ³n" classname="ui/comprehensive-ui.spec.ts" time="0.005">
<failure message="comprehensive-ui.spec.ts:119:3 âœ… Sidebar: Verificar todos los enlaces de navegaciÃ³n" type="FAILURE">
<![CDATA[  [chromium] â€º ui/comprehensive-ui.spec.ts:119:3 â€º ðŸ§ª Test Exhaustivo de Interfaz UI - COMPLETO Y CORREGIDO â€º âœ… Sidebar: Verificar todos los enlaces de navegaciÃ³n 

    Error: browserType.launch: Chromium distribution 'chrome' is not found at /opt/google/chrome/chrome
    Run "npx playwright install chrome"
]]>
</failure>
</testcase>
<testcase name="ðŸ§ª Test Exhaustivo de Interfaz UI - COMPLETO Y CORREGIDO â€º âœ… Dashboard: Verificar tarjetas de estadÃ­sticas" classname="ui/comprehensive-ui.spec.ts" time="0.004">
<failure message="comprehensive-ui.spec.ts:238:3 âœ… Dashboard: Verificar tarjetas de estadÃ­sticas" type="FAILURE">
<![CDATA[  [chromium] â€º ui/comprehensive-ui.spec.ts:238:3 â€º ðŸ§ª Test Exhaustivo de Interfaz UI - COMPLETO Y CORREGIDO â€º âœ… Dashboard: Verificar tarjetas de estadÃ­sticas 

    Error: browserType.launch: Chromium distribution 'chrome' is not found at /opt/google/chrome/chrome
    Run "npx playwright install chrome"
]]>
</failure>
</testcase>
<testcase name="ðŸ§ª Test Exhaustivo de Interfaz UI - COMPLETO Y CORREGIDO â€º âœ… Dashboard: Verificar barra de progreso" classname="ui/comprehensive-ui.spec.ts" time="0.004">
<failure message="comprehensive-ui.spec.ts:264:3 âœ… Dashboard: Verificar barra de progreso" type="FAILURE">
<![CDATA[  [chromium] â€º ui/comprehensive-ui.spec.ts:264:3 â€º ðŸ§ª Test Exhaustivo de Interfaz UI - COMPLETO Y CORREGIDO â€º âœ… Dashboard: Verificar barra de progreso 

    Error: browserType.launch: Chromium distribution 'chrome' is not found at /opt/google/chrome/chrome
    Run "npx playwright install chrome"
]]>
</failure>
</testcase>
<testcase name="ðŸ§ª Test Exhaustivo de Interfaz UI - COMPLETO Y CORREGIDO â€º âœ… Dashboard: Verificar secciÃ³n de Ãºltimos bookmarks" classname="ui/comprehensive-ui.spec.ts" time="0.01">
<failure message="comprehensive-ui.spec.ts:292:3 âœ… Dashboard: Verificar secciÃ³n de Ãºltimos bookmarks" type="FAILURE">
<![CDATA[  [chromium] â€º ui/comprehensive-ui.spec.ts:292:3 â€º ðŸ§ª Test Exhaustivo de Interfaz UI - COMPLETO Y CORREGIDO â€º âœ… Dashboard: Verificar secciÃ³n de Ãºltimos bookmarks 

    Error: browserType.launch: Chromium distribution 'chrome' is not found at /opt/google/chrome/chrome
    Run "npx playwright install chrome"
]]>
</failure>
</testcase>
<testcase name="ðŸ§ª Test Exhaustivo de Interfaz UI - COMPLETO Y CORREGIDO â€º âœ… Bookmarks Page: Verificar bÃºsqueda" classname="ui/comprehensive-ui.spec.ts" time="0.006">
<failure message="comprehensive-ui.spec.ts:383:3 âœ… Bookmarks Page: Verificar bÃºsqueda" type="FAILURE">
<![CDATA[  [chromium] â€º ui/comprehensive-ui.spec.ts:383:3 â€º ðŸ§ª Test Exhaustivo de Interfaz UI - COMPLETO Y CORREGIDO â€º âœ… Bookmarks Page: Verificar bÃºsqueda 

    Error: browserType.launch: Chromium distribution 'chrome' is not found at /opt/google/chrome/chrome
    Run "npx playwright install chrome"
]]>
</failure>
</testcase>
<testcase name="ðŸ§ª Test Exhaustivo de Interfaz UI - COMPLETO Y CORREGIDO â€º âœ… Bookmarks Page: Verificar modal de agregar bookmark" classname="ui/comprehensive-ui.spec.ts" time="0.01">
<failure message="comprehensive-ui.spec.ts:427:3 âœ… Bookmarks Page: Verificar modal de agregar bookmark" type="FAILURE">
<![CDATA[  [chromium] â€º ui/comprehensive-ui.spec.ts:427:3 â€º ðŸ§ª Test Exhaustivo de Interfaz UI - COMPLETO Y CORREGIDO â€º âœ… Bookmarks Page: Verificar modal de agregar bookmark 

    Error: browserType.launch: Chromium distribution 'chrome' is not found at /opt/google/chrome/chrome
    Run "npx playwright install chrome"
]]>
</failure>
</testcase>
<testcase name="ðŸ§ª Test Exhaustivo de Interfaz UI - COMPLETO Y CORREGIDO â€º âœ… Search Page: Verificar funcionalidad completa" classname="ui/comprehensive-ui.spec.ts" time="0.01">
<failure message="comprehensive-ui.spec.ts:516:3 âœ… Search Page: Verificar funcionalidad completa" type="FAILURE">
<![CDATA[  [chromium] â€º ui/comprehensive-ui.spec.ts:516:3 â€º ðŸ§ª Test Exhaustivo de Interfaz UI - COMPLETO Y CORREGIDO â€º âœ… Search Page: Verificar funcionalidad completa 

    Error: browserType.launch: Chromium distribution 'chrome' is not found at /opt/google/chrome/chrome
    Run "npx playwright install chrome"
]]>
</failure>
</testcase>
<testcase name="ðŸ§ª Test Exhaustivo de Interfaz UI - COMPLETO Y CORREGIDO â€º âœ… Statistics Page: Verificar secciones" classname="ui/comprehensive-ui.spec.ts" time="0.004">
<failure message="comprehensive-ui.spec.ts:556:3 âœ… Statistics Page: Verificar secciones" type="FAILURE">
<![CDATA[  [chromium] â€º ui/comprehensive-ui.spec.ts:556:3 â€º ðŸ§ª Test Exhaustivo de Interfaz UI - COMPLETO Y CORREGIDO â€º âœ… Statistics Page: Verificar secciones 

    Error: browserType.launch: Chromium distribution 'chrome' is not found at /opt/google/chrome/chrome
    Run "npx playwright install chrome"
]]>
</failure>
</testcase>
<testcase name="ðŸ§ª Test Exhaustivo de Interfaz UI - COMPLETO Y CORREGIDO â€º âœ… Bookmark Cards: Verificar interacciÃ³n completa" classname="ui/comprehensive-ui.spec.ts" time="0.006">
<failure message="comprehensive-ui.spec.ts:595:3 âœ… Bookmark Cards: Verificar interacciÃ³n completa" type="FAILURE">
<![CDATA[  [chromium] â€º ui/comprehensive-ui.spec.ts:595:3 â€º ðŸ§ª Test Exhaustivo de Interfaz UI - COMPLETO Y CORREGIDO â€º âœ… Bookmark Cards: Verificar interacciÃ³n completa 

    Error: browserType.launch: Chromium distribution 'chrome' is not found at /opt/google/chrome/chrome
    Run "npx playwright install chrome"
]]>
</failure>
</testcase>
<testcase name="ðŸ§ª Test Exhaustivo de Interfaz UI - COMPLETO Y CORREGIDO â€º âœ… Mobile: Verificar toggle de sidebar" classname="ui/comprehensive-ui.spec.ts" time="0.004">
<failure message="comprehensive-ui.spec.ts:682:3 âœ… Mobile: Verificar toggle de sidebar" type="FAILURE">
<![CDATA[  [chromium] â€º ui/comprehensive-ui.spec.ts:682:3 â€º ðŸ§ª Test Exhaustivo de Interfaz UI - COMPLETO Y CORREGIDO â€º âœ… Mobile: Verificar toggle de sidebar 

    Error: browserType.launch: Chromium distribution 'chrome' is not found at /opt/google/chrome/chrome
    Run "npx playwright install chrome"
]]>
</failure>
</testcase>
<testcase name="ðŸ§ª Test Exhaustivo de Interfaz UI - COMPLETO Y CORREGIDO â€º âœ… Toasts: Verificar sistema de notificaciones" classname="ui/comprehensive-ui.spec.ts" time="0.01">
<failure message="comprehensive-ui.spec.ts:717:3 âœ… Toasts: Verificar sistema de notificaciones" type="FAILURE">
<![CDATA[  [chromium] â€º ui/comprehensive-ui.spec.ts:717:3 â€º ðŸ§ª Test Exhaustivo de Interfaz UI - COMPLETO Y CORREGIDO â€º âœ… Toasts: Verificar sistema de notificaciones 

    Error: browserType.launch: Chromium distribution 'chrome' is not found at /opt/google/chrome/chrome
    Run "npx playwright install chrome"
]]>
</failure>
</testcase>
<testcase name="ðŸ§ª Test Exhaustivo de Interfaz UI - COMPLETO Y CORREGIDO â€º âœ… Accesibilidad: Verificar atributos ARIA" classname="ui/comprehensive-ui.spec.ts" time="0.004">
<failure message="comprehensive-ui.spec.ts:728:3 âœ… Accesibilidad: Verificar atributos ARIA" type="FAILURE">
<![CDATA[  [chromium] â€º ui/comprehensive-ui.spec.ts:728:3 â€º ðŸ§ª Test Exhaustivo de Interfaz UI - COMPLETO Y CORREGIDO â€º âœ… Accesibilidad: Verificar atributos ARIA 

    Error: browserType.launch: Chromium distribution 'chrome' is not found at /opt/google/chrome/chrome
    Run "npx playwright install chrome"
]]>
</failure>
</testcase>
<testcase name="ðŸ§ª Test Exhaustivo de Interfaz UI - COMPLETO Y CORREGIDO â€º âœ… Error Handling: Verificar mensajes de error" classname="ui/comprehensive-ui.spec.ts" time="0.005">
<failure message="comprehensive-ui.spec.ts:751:3 âœ… Error Handling: Verificar mensajes de error" type="FAILURE">
<![CDATA[  [chromium] â€º ui/comprehensive-ui.spec.ts:751:3 â€º ðŸ§ª Test Exhaustivo de Interfaz UI - COMPLETO Y CORREGIDO â€º âœ… Error Handling: Verificar mensajes de error 

    Error: browserType.launch: Chromium distribution 'chrome' is not found at /opt/google/chrome/chrome
    Run "npx playwright install chrome"
]]>
</failure>
</testcase>
</testsuite>
</testsuites>